<!DOCTYPE html PUBLIC "-//W3C//DTD XHTML 1.1//EN" "https://www.w3.org/TR/xhtml11/DTD/xhtml11.dtd">
<html xmlns="https://www.w3.org/1999/xhtml">
<head>
<meta http-equiv="content-type" content="text/html; charset=UTF-8"/>
<title>TestNG Report</title>
<style type="text/css">table {margin-bottom:10px;border-collapse:collapse;empty-cells:show}th,td {border:1px solid #009;padding:.25em .5em}th {vertical-align:bottom}td {vertical-align:top}table a {font-weight:bold}.stripe td {background-color: #E6EBF9}.num {text-align:right}.passedodd td {background-color: #3F3}.passedeven td {background-color: #0A0}.skippedodd td {background-color: #DDD}.skippedeven td {background-color: #CCC}.failedodd td,.attn {background-color: #F33}.failedeven td,.stripe .attn {background-color: #D00}.stacktrace {white-space:pre;font-family:monospace}.totop {font-size:85%;text-align:center;border-bottom:2px solid #000}.invisible {display:none}</style>
</head>
<body>
<table>
<tr><th>Test</th><th># Passed</th><th># Skipped</th><th># Retried</th><th># Failed</th><th>Time (ms)</th><th>Included Groups</th><th>Excluded Groups</th></tr>
<tr><th colspan="8">Suite</th></tr>
<tr><td><a href="#t0">ErrorValidations</a></td><td class="num">1</td><td class="num">0</td><td class="num">0</td><td class="num attn">1</td><td class="num">53,778</td><td></td><td></td></tr>
<tr class="stripe"><td><a href="#t1">StandaloneTest</a></td><td class="num">1</td><td class="num attn">1</td><td class="num">0</td><td class="num attn">1</td><td class="num">65,935</td><td></td><td></td></tr>
<tr><th>Total</th><th class="num">2</th><th class="num attn">1</th><th class="num">0</th><th class="num attn">2</th><th class="num">119,713</th><th colspan="2"></th></tr>
</table>
<table id='summary'><thead><tr><th>Class</th><th>Method</th><th>Start</th><th>Time (ms)</th></tr></thead><tbody><tr><th colspan="4">Suite</th></tr></tbody><tbody id="t0"><tr><th colspan="4">ErrorValidations &#8212; failed</th></tr><tr class="failedeven"><td rowspan="1">MuraliKrishnaSG.Tests.ErrorValidations</td><td><a href="#m0">ProductValidatione</a></td><td rowspan="1">1727027789848</td><td rowspan="1">11012</td></tr><tr><th colspan="4">ErrorValidations &#8212; passed</th></tr><tr class="passedeven"><td rowspan="1">MuraliKrishnaSG.Tests.ErrorValidations</td><td><a href="#m1">LoginError</a></td><td rowspan="1">1727027770255</td><td rowspan="1">1752</td></tr></tbody>
<tbody id="t1"><tr><th colspan="4">StandaloneTest &#8212; failed</th></tr><tr class="failedeven"><td rowspan="1">MuraliKrishnaSG.Tests.StandaloneTest</td><td><a href="#m2">submitorder</a></td><td rowspan="1">1727027778706</td><td rowspan="1">7867</td></tr><tr><th colspan="4">StandaloneTest &#8212; skipped</th></tr><tr class="skippedeven"><td rowspan="1">MuraliKrishnaSG.Tests.StandaloneTest</td><td><a href="#m3">OrderHistory</a></td><td rowspan="1">1727027816446</td><td rowspan="1">0</td></tr><tr><th colspan="4">StandaloneTest &#8212; passed</th></tr><tr class="passedeven"><td rowspan="1">MuraliKrishnaSG.Tests.StandaloneTest</td><td><a href="#m4">submitorder</a></td><td rowspan="1">1727027805314</td><td rowspan="1">9450</td></tr></tbody>
</table>
<h2>ErrorValidations</h2><h3 id="m0">MuraliKrishnaSG.Tests.ErrorValidations#ProductValidatione</h3><table class="result"><tr><th>Exception</th></tr><tr><td><div class="stacktrace">org.openqa.selenium.TimeoutException: Expected condition failed: waiting for visibility of element located by By.cssSelector: .mb-3 (tried for 5 second(s) with 500 milliseconds interval)
Build info: version: &apos;4.23.0&apos;, revision: &apos;4df0a231af&apos;
System info: os.name: &apos;Windows 10&apos;, os.arch: &apos;amd64&apos;, os.version: &apos;10.0&apos;, java.version: &apos;21&apos;
Driver info: org.openqa.selenium.firefox.FirefoxDriver
Capabilities {acceptInsecureCerts: true, browserName: firefox, browserVersion: 130.0.1, moz:accessibilityChecks: false, moz:buildID: 20240913135723, moz:debuggerAddress: 127.0.0.1:39617, moz:geckodriverVersion: 0.35.0, moz:headless: false, moz:platformVersion: 10.0, moz:processID: 10392, moz:profile: C:\Users\WINDOWS\AppData\Lo..., moz:shutdownTimeout: 60000, moz:webdriverClick: true, moz:windowless: false, pageLoadStrategy: normal, platformName: windows, proxy: Proxy(), se:cdp: ws://127.0.0.1:39617/devtoo..., se:cdpVersion: 85.0, setWindowRect: true, strictFileInteractability: false, timeouts: {implicit: 0, pageLoad: 300000, script: 30000}, unhandledPromptBehavior: dismiss and notify, userAgent: Mozilla/5.0 (Windows NT 10....}
Session ID: 0b8731c1-24fd-488d-aa0e-5d500bee2eac
	at org.openqa.selenium.support.ui.WebDriverWait.timeoutException(WebDriverWait.java:84)
	at org.openqa.selenium.support.ui.FluentWait.until(FluentWait.java:228)
	at AbstractComponents.AbstractComponent.waitproductstoapper(AbstractComponent.java:30)
	at MuraliKrishnaSG.Pagefactory.ProductCatlogue.getproductsList(ProductCatlogue.java:36)
	at MuraliKrishnaSG.Tests.ErrorValidations.ProductValidatione(ErrorValidations.java:41)
	at java.base/java.util.ArrayList.forEach(ArrayList.java:1596)
	at java.base/java.util.concurrent.FutureTask.run(FutureTask.java:317)
	at java.base/java.util.concurrent.ThreadPoolExecutor.runWorker(ThreadPoolExecutor.java:1144)
	at java.base/java.util.concurrent.ThreadPoolExecutor$Worker.run(ThreadPoolExecutor.java:642)
	at java.base/java.lang.Thread.run(Thread.java:1583)
... Removed 15 stack frames</div></td></tr></table><p class="totop"><a href="#summary">back to summary</a></p>
<h3 id="m1">MuraliKrishnaSG.Tests.ErrorValidations#LoginError</h3><table class="result"><tr><th class="invisible"/></tr></table><p class="totop"><a href="#summary">back to summary</a></p>
<h2>StandaloneTest</h2><h3 id="m2">MuraliKrishnaSG.Tests.StandaloneTest#submitorder</h3><table class="result"><tr class="param"><th>Parameter #1</th></tr><tr class="param stripe"><td>{password=Krishna57, Productname=ADIDAS ORIGINAL, email=krishna75@gmail.com}</td></tr><tr><th>Exception</th></tr><tr><td><div class="stacktrace">org.openqa.selenium.TimeoutException: Expected condition failed: waiting for visibility of element located by By.cssSelector: #toast-container (tried for 5 second(s) with 500 milliseconds interval)
Build info: version: &apos;4.23.0&apos;, revision: &apos;4df0a231af&apos;
System info: os.name: &apos;Windows 10&apos;, os.arch: &apos;amd64&apos;, os.version: &apos;10.0&apos;, java.version: &apos;21&apos;
Driver info: org.openqa.selenium.firefox.FirefoxDriver
Capabilities {acceptInsecureCerts: true, browserName: firefox, browserVersion: 130.0.1, moz:accessibilityChecks: false, moz:buildID: 20240913135723, moz:debuggerAddress: 127.0.0.1:25877, moz:geckodriverVersion: 0.35.0, moz:headless: false, moz:platformVersion: 10.0, moz:processID: 4996, moz:profile: C:\Users\WINDOWS\AppData\Lo..., moz:shutdownTimeout: 60000, moz:webdriverClick: true, moz:windowless: false, pageLoadStrategy: normal, platformName: windows, proxy: Proxy(), se:cdp: ws://127.0.0.1:25877/devtoo..., se:cdpVersion: 85.0, setWindowRect: true, strictFileInteractability: false, timeouts: {implicit: 0, pageLoad: 300000, script: 30000}, unhandledPromptBehavior: dismiss and notify, userAgent: Mozilla/5.0 (Windows NT 10....}
Session ID: 7200a31d-038f-45c2-b3be-ab88696b2f64
	at org.openqa.selenium.support.ui.WebDriverWait.timeoutException(WebDriverWait.java:84)
	at org.openqa.selenium.support.ui.FluentWait.until(FluentWait.java:228)
	at AbstractComponents.AbstractComponent.waitproductstoapper(AbstractComponent.java:30)
	at MuraliKrishnaSG.Pagefactory.ProductCatlogue.addproductToCart(ProductCatlogue.java:53)
	at MuraliKrishnaSG.Tests.StandaloneTest.submitorder(StandaloneTest.java:27)
	at java.base/java.util.ArrayList.forEach(ArrayList.java:1596)
	at java.base/java.util.concurrent.FutureTask.run(FutureTask.java:317)
	at java.base/java.util.concurrent.ThreadPoolExecutor.runWorker(ThreadPoolExecutor.java:1144)
	at java.base/java.util.concurrent.ThreadPoolExecutor$Worker.run(ThreadPoolExecutor.java:642)
	at java.base/java.lang.Thread.run(Thread.java:1583)
... Removed 15 stack frames</div></td></tr></table><p class="totop"><a href="#summary">back to summary</a></p>
<h3 id="m3">MuraliKrishnaSG.Tests.StandaloneTest#OrderHistory</h3><table class="result"><tr><th>Exception</th></tr><tr><td><div class="stacktrace">java.lang.Throwable: Method MuraliKrishnaSG.Tests.StandaloneTest.OrderHistory() on instance MuraliKrishnaSG.Tests.StandaloneTest@6e20b53a depends on not successfully finished methods 
[MuraliKrishnaSG.Tests.StandaloneTest.submitorder() on instance MuraliKrishnaSG.Tests.StandaloneTest@6e20b53a]
	at java.base/java.util.ArrayList.forEach(ArrayList.java:1596)
	at java.base/java.util.concurrent.FutureTask.run(FutureTask.java:317)
	at java.base/java.util.concurrent.ThreadPoolExecutor.runWorker(ThreadPoolExecutor.java:1144)
	at java.base/java.util.concurrent.ThreadPoolExecutor$Worker.run(ThreadPoolExecutor.java:642)
	at java.base/java.lang.Thread.run(Thread.java:1583)
... Removed 8 stack frames</div></td></tr></table><p class="totop"><a href="#summary">back to summary</a></p>
<h3 id="m4">MuraliKrishnaSG.Tests.StandaloneTest#submitorder</h3><table class="result"><tr class="param"><th>Parameter #1</th></tr><tr class="param stripe"><td>{password=Krishna57, Productname=ZARA COAT 3, email=krishna75@gmail.com}</td></tr></table><p class="totop"><a href="#summary">back to summary</a></p>
</body>
</html>
