<?xml version="1.0" encoding="UTF-8"?>
<testng-results ignored="0" total="5" passed="2" failed="2" skipped="1">
  <reporter-output>
  </reporter-output>
  <suite started-at="2024-09-22T23:25:50 IST" name="Suite" finished-at="2024-09-22T23:26:56 IST" duration-ms="65935">
    <groups>
      <group name="Purchase">
        <method signature="StandaloneTest.submitorder(java.util.HashMap)[pri:0, instance:MuraliKrishnaSG.Tests.StandaloneTest@6e20b53a]" name="submitorder" class="MuraliKrishnaSG.Tests.StandaloneTest"/>
      </group> <!-- Purchase -->
      <group name="ErrorValidation">
        <method signature="ErrorValidations.LoginError()[pri:0, instance:MuraliKrishnaSG.Tests.ErrorValidations@2a65fe7c]" name="LoginError" class="MuraliKrishnaSG.Tests.ErrorValidations"/>
      </group> <!-- ErrorValidation -->
    </groups>
    <test started-at="2024-09-22T23:25:50 IST" name="ErrorValidations" finished-at="2024-09-22T23:26:44 IST" duration-ms="53778">
      <class name="MuraliKrishnaSG.Tests.ErrorValidations">
        <test-method is-config="true" signature="launchapplication()[pri:0, instance:MuraliKrishnaSG.Tests.ErrorValidations@2a65fe7c]" started-at="2024-09-22T23:25:50 IST" name="launchapplication" finished-at="2024-09-22T23:26:10 IST" duration-ms="19643" status="PASS">
          <reporter-output>
          </reporter-output>
        </test-method> <!-- launchapplication -->
        <test-method signature="LoginError()[pri:0, instance:MuraliKrishnaSG.Tests.ErrorValidations@2a65fe7c]" started-at="2024-09-22T23:26:10 IST" name="LoginError" finished-at="2024-09-22T23:26:12 IST" duration-ms="1752" status="PASS">
          <reporter-output>
          </reporter-output>
        </test-method> <!-- LoginError -->
        <test-method is-config="true" signature="teardown()[pri:0, instance:MuraliKrishnaSG.Tests.ErrorValidations@2a65fe7c]" started-at="2024-09-22T23:26:12 IST" name="teardown" finished-at="2024-09-22T23:26:15 IST" duration-ms="3143" status="PASS">
          <reporter-output>
          </reporter-output>
        </test-method> <!-- teardown -->
        <test-method is-config="true" signature="launchapplication()[pri:0, instance:MuraliKrishnaSG.Tests.ErrorValidations@2a65fe7c]" started-at="2024-09-22T23:26:15 IST" name="launchapplication" finished-at="2024-09-22T23:26:29 IST" duration-ms="14676" status="PASS">
          <reporter-output>
          </reporter-output>
        </test-method> <!-- launchapplication -->
        <test-method signature="ProductValidatione()[pri:0, instance:MuraliKrishnaSG.Tests.ErrorValidations@2a65fe7c]" started-at="2024-09-22T23:26:29 IST" name="ProductValidatione" finished-at="2024-09-22T23:26:40 IST" duration-ms="11012" status="FAIL">
          <exception class="org.openqa.selenium.TimeoutException">
            <message>
              <![CDATA[Expected condition failed: waiting for visibility of element located by By.cssSelector: .mb-3 (tried for 5 second(s) with 500 milliseconds interval)
Build info: version: '4.23.0', revision: '4df0a231af'
System info: os.name: 'Windows 10', os.arch: 'amd64', os.version: '10.0', java.version: '21'
Driver info: org.openqa.selenium.firefox.FirefoxDriver
Capabilities {acceptInsecureCerts: true, browserName: firefox, browserVersion: 130.0.1, moz:accessibilityChecks: false, moz:buildID: 20240913135723, moz:debuggerAddress: 127.0.0.1:39617, moz:geckodriverVersion: 0.35.0, moz:headless: false, moz:platformVersion: 10.0, moz:processID: 10392, moz:profile: C:\Users\WINDOWS\AppData\Lo..., moz:shutdownTimeout: 60000, moz:webdriverClick: true, moz:windowless: false, pageLoadStrategy: normal, platformName: windows, proxy: Proxy(), se:cdp: ws://127.0.0.1:39617/devtoo..., se:cdpVersion: 85.0, setWindowRect: true, strictFileInteractability: false, timeouts: {implicit: 0, pageLoad: 300000, script: 30000}, unhandledPromptBehavior: dismiss and notify, userAgent: Mozilla/5.0 (Windows NT 10....}
Session ID: 0b8731c1-24fd-488d-aa0e-5d500bee2eac]]>
            </message>
            <full-stacktrace>
              <![CDATA[org.openqa.selenium.TimeoutException: Expected condition failed: waiting for visibility of element located by By.cssSelector: .mb-3 (tried for 5 second(s) with 500 milliseconds interval)
Build info: version: '4.23.0', revision: '4df0a231af'
System info: os.name: 'Windows 10', os.arch: 'amd64', os.version: '10.0', java.version: '21'
Driver info: org.openqa.selenium.firefox.FirefoxDriver
Capabilities {acceptInsecureCerts: true, browserName: firefox, browserVersion: 130.0.1, moz:accessibilityChecks: false, moz:buildID: 20240913135723, moz:debuggerAddress: 127.0.0.1:39617, moz:geckodriverVersion: 0.35.0, moz:headless: false, moz:platformVersion: 10.0, moz:processID: 10392, moz:profile: C:\Users\WINDOWS\AppData\Lo..., moz:shutdownTimeout: 60000, moz:webdriverClick: true, moz:windowless: false, pageLoadStrategy: normal, platformName: windows, proxy: Proxy(), se:cdp: ws://127.0.0.1:39617/devtoo..., se:cdpVersion: 85.0, setWindowRect: true, strictFileInteractability: false, timeouts: {implicit: 0, pageLoad: 300000, script: 30000}, unhandledPromptBehavior: dismiss and notify, userAgent: Mozilla/5.0 (Windows NT 10....}
Session ID: 0b8731c1-24fd-488d-aa0e-5d500bee2eac
at org.openqa.selenium.support.ui.WebDriverWait.timeoutException(WebDriverWait.java:84)
at org.openqa.selenium.support.ui.FluentWait.until(FluentWait.java:228)
at AbstractComponents.AbstractComponent.waitproductstoapper(AbstractComponent.java:30)
at MuraliKrishnaSG.Pagefactory.ProductCatlogue.getproductsList(ProductCatlogue.java:36)
at MuraliKrishnaSG.Tests.ErrorValidations.ProductValidatione(ErrorValidations.java:41)
at java.base/jdk.internal.reflect.DirectMethodHandleAccessor.invoke(DirectMethodHandleAccessor.java:103)
at java.base/java.lang.reflect.Method.invoke(Method.java:580)
at org.testng.internal.invokers.MethodInvocationHelper.invokeMethod(MethodInvocationHelper.java:139)
at org.testng.internal.invokers.TestInvoker.invokeMethod(TestInvoker.java:677)
at org.testng.internal.invokers.TestInvoker.invokeTestMethod(TestInvoker.java:221)
at org.testng.internal.invokers.MethodRunner.runInSequence(MethodRunner.java:50)
at org.testng.internal.invokers.TestInvoker$MethodInvocationAgent.invoke(TestInvoker.java:969)
at org.testng.internal.invokers.TestInvoker.invokeTestMethods(TestInvoker.java:194)
at org.testng.internal.invokers.TestMethodWorker.invokeTestMethods(TestMethodWorker.java:148)
at org.testng.internal.invokers.TestMethodWorker.run(TestMethodWorker.java:128)
at java.base/java.util.ArrayList.forEach(ArrayList.java:1596)
at org.testng.TestRunner.privateRun(TestRunner.java:829)
at org.testng.TestRunner.run(TestRunner.java:602)
at org.testng.SuiteRunner.runTest(SuiteRunner.java:437)
at org.testng.SuiteRunner$SuiteWorker.run(SuiteRunner.java:475)
at org.testng.internal.thread.ThreadUtil.lambda$execute$0(ThreadUtil.java:58)
at java.base/java.util.concurrent.FutureTask.run(FutureTask.java:317)
at java.base/java.util.concurrent.ThreadPoolExecutor.runWorker(ThreadPoolExecutor.java:1144)
at java.base/java.util.concurrent.ThreadPoolExecutor$Worker.run(ThreadPoolExecutor.java:642)
at java.base/java.lang.Thread.run(Thread.java:1583)
]]>
            </full-stacktrace>
          </exception> <!-- org.openqa.selenium.TimeoutException -->
          <reporter-output>
          </reporter-output>
        </test-method> <!-- ProductValidatione -->
        <test-method is-config="true" signature="teardown()[pri:0, instance:MuraliKrishnaSG.Tests.ErrorValidations@2a65fe7c]" started-at="2024-09-22T23:26:40 IST" name="teardown" finished-at="2024-09-22T23:26:44 IST" duration-ms="3414" status="PASS">
          <reporter-output>
          </reporter-output>
        </test-method> <!-- teardown -->
      </class> <!-- MuraliKrishnaSG.Tests.ErrorValidations -->
    </test> <!-- ErrorValidations -->
    <test started-at="2024-09-22T23:25:50 IST" name="StandaloneTest" finished-at="2024-09-22T23:26:56 IST" duration-ms="65935">
      <class name="MuraliKrishnaSG.Tests.StandaloneTest">
        <test-method is-config="true" signature="launchapplication()[pri:0, instance:MuraliKrishnaSG.Tests.StandaloneTest@6e20b53a]" started-at="2024-09-22T23:25:51 IST" name="launchapplication" finished-at="2024-09-22T23:26:18 IST" duration-ms="27266" status="PASS">
          <reporter-output>
          </reporter-output>
        </test-method> <!-- launchapplication -->
        <test-method signature="submitorder(java.util.HashMap)[pri:0, instance:MuraliKrishnaSG.Tests.StandaloneTest@6e20b53a]" started-at="2024-09-22T23:26:18 IST" name="submitorder" data-provider="getdata" finished-at="2024-09-22T23:26:26 IST" duration-ms="7867" status="FAIL">
          <params>
            <param index="0">
              <value>
                <![CDATA[{password=Krishna57, Productname=ADIDAS ORIGINAL, email=krishna75@gmail.com}]]>
              </value>
            </param>
          </params>
          <exception class="org.openqa.selenium.TimeoutException">
            <message>
              <![CDATA[Expected condition failed: waiting for visibility of element located by By.cssSelector: #toast-container (tried for 5 second(s) with 500 milliseconds interval)
Build info: version: '4.23.0', revision: '4df0a231af'
System info: os.name: 'Windows 10', os.arch: 'amd64', os.version: '10.0', java.version: '21'
Driver info: org.openqa.selenium.firefox.FirefoxDriver
Capabilities {acceptInsecureCerts: true, browserName: firefox, browserVersion: 130.0.1, moz:accessibilityChecks: false, moz:buildID: 20240913135723, moz:debuggerAddress: 127.0.0.1:25877, moz:geckodriverVersion: 0.35.0, moz:headless: false, moz:platformVersion: 10.0, moz:processID: 4996, moz:profile: C:\Users\WINDOWS\AppData\Lo..., moz:shutdownTimeout: 60000, moz:webdriverClick: true, moz:windowless: false, pageLoadStrategy: normal, platformName: windows, proxy: Proxy(), se:cdp: ws://127.0.0.1:25877/devtoo..., se:cdpVersion: 85.0, setWindowRect: true, strictFileInteractability: false, timeouts: {implicit: 0, pageLoad: 300000, script: 30000}, unhandledPromptBehavior: dismiss and notify, userAgent: Mozilla/5.0 (Windows NT 10....}
Session ID: 7200a31d-038f-45c2-b3be-ab88696b2f64]]>
            </message>
            <full-stacktrace>
              <![CDATA[org.openqa.selenium.TimeoutException: Expected condition failed: waiting for visibility of element located by By.cssSelector: #toast-container (tried for 5 second(s) with 500 milliseconds interval)
Build info: version: '4.23.0', revision: '4df0a231af'
System info: os.name: 'Windows 10', os.arch: 'amd64', os.version: '10.0', java.version: '21'
Driver info: org.openqa.selenium.firefox.FirefoxDriver
Capabilities {acceptInsecureCerts: true, browserName: firefox, browserVersion: 130.0.1, moz:accessibilityChecks: false, moz:buildID: 20240913135723, moz:debuggerAddress: 127.0.0.1:25877, moz:geckodriverVersion: 0.35.0, moz:headless: false, moz:platformVersion: 10.0, moz:processID: 4996, moz:profile: C:\Users\WINDOWS\AppData\Lo..., moz:shutdownTimeout: 60000, moz:webdriverClick: true, moz:windowless: false, pageLoadStrategy: normal, platformName: windows, proxy: Proxy(), se:cdp: ws://127.0.0.1:25877/devtoo..., se:cdpVersion: 85.0, setWindowRect: true, strictFileInteractability: false, timeouts: {implicit: 0, pageLoad: 300000, script: 30000}, unhandledPromptBehavior: dismiss and notify, userAgent: Mozilla/5.0 (Windows NT 10....}
Session ID: 7200a31d-038f-45c2-b3be-ab88696b2f64
at org.openqa.selenium.support.ui.WebDriverWait.timeoutException(WebDriverWait.java:84)
at org.openqa.selenium.support.ui.FluentWait.until(FluentWait.java:228)
at AbstractComponents.AbstractComponent.waitproductstoapper(AbstractComponent.java:30)
at MuraliKrishnaSG.Pagefactory.ProductCatlogue.addproductToCart(ProductCatlogue.java:53)
at MuraliKrishnaSG.Tests.StandaloneTest.submitorder(StandaloneTest.java:27)
at java.base/jdk.internal.reflect.DirectMethodHandleAccessor.invoke(DirectMethodHandleAccessor.java:103)
at java.base/java.lang.reflect.Method.invoke(Method.java:580)
at org.testng.internal.invokers.MethodInvocationHelper.invokeMethod(MethodInvocationHelper.java:139)
at org.testng.internal.invokers.TestInvoker.invokeMethod(TestInvoker.java:677)
at org.testng.internal.invokers.TestInvoker.invokeTestMethod(TestInvoker.java:221)
at org.testng.internal.invokers.MethodRunner.runInSequence(MethodRunner.java:50)
at org.testng.internal.invokers.TestInvoker$MethodInvocationAgent.invoke(TestInvoker.java:969)
at org.testng.internal.invokers.TestInvoker.invokeTestMethods(TestInvoker.java:194)
at org.testng.internal.invokers.TestMethodWorker.invokeTestMethods(TestMethodWorker.java:148)
at org.testng.internal.invokers.TestMethodWorker.run(TestMethodWorker.java:128)
at java.base/java.util.ArrayList.forEach(ArrayList.java:1596)
at org.testng.TestRunner.privateRun(TestRunner.java:829)
at org.testng.TestRunner.run(TestRunner.java:602)
at org.testng.SuiteRunner.runTest(SuiteRunner.java:437)
at org.testng.SuiteRunner$SuiteWorker.run(SuiteRunner.java:475)
at org.testng.internal.thread.ThreadUtil.lambda$execute$0(ThreadUtil.java:58)
at java.base/java.util.concurrent.FutureTask.run(FutureTask.java:317)
at java.base/java.util.concurrent.ThreadPoolExecutor.runWorker(ThreadPoolExecutor.java:1144)
at java.base/java.util.concurrent.ThreadPoolExecutor$Worker.run(ThreadPoolExecutor.java:642)
at java.base/java.lang.Thread.run(Thread.java:1583)
]]>
            </full-stacktrace>
          </exception> <!-- org.openqa.selenium.TimeoutException -->
          <reporter-output>
          </reporter-output>
        </test-method> <!-- submitorder -->
        <test-method is-config="true" signature="teardown()[pri:0, instance:MuraliKrishnaSG.Tests.StandaloneTest@6e20b53a]" started-at="2024-09-22T23:26:26 IST" name="teardown" finished-at="2024-09-22T23:26:31 IST" duration-ms="4821" status="PASS">
          <reporter-output>
          </reporter-output>
        </test-method> <!-- teardown -->
        <test-method is-config="true" signature="launchapplication()[pri:0, instance:MuraliKrishnaSG.Tests.StandaloneTest@6e20b53a]" started-at="2024-09-22T23:26:31 IST" name="launchapplication" finished-at="2024-09-22T23:26:45 IST" duration-ms="13897" status="PASS">
          <reporter-output>
          </reporter-output>
        </test-method> <!-- launchapplication -->
        <test-method signature="submitorder(java.util.HashMap)[pri:0, instance:MuraliKrishnaSG.Tests.StandaloneTest@6e20b53a]" started-at="2024-09-22T23:26:45 IST" name="submitorder" data-provider="getdata" finished-at="2024-09-22T23:26:54 IST" duration-ms="9450" status="PASS">
          <params>
            <param index="0">
              <value>
                <![CDATA[{password=Krishna57, Productname=ZARA COAT 3, email=krishna75@gmail.com}]]>
              </value>
            </param>
          </params>
          <reporter-output>
          </reporter-output>
        </test-method> <!-- submitorder -->
        <test-method is-config="true" signature="teardown()[pri:0, instance:MuraliKrishnaSG.Tests.StandaloneTest@6e20b53a]" started-at="2024-09-22T23:26:54 IST" name="teardown" finished-at="2024-09-22T23:26:56 IST" duration-ms="1678" status="PASS">
          <reporter-output>
          </reporter-output>
        </test-method> <!-- teardown -->
        <test-method signature="OrderHistory()[pri:0, instance:MuraliKrishnaSG.Tests.StandaloneTest@6e20b53a]" started-at="2024-09-22T23:26:56 IST" name="OrderHistory" finished-at="2024-09-22T23:26:56 IST" depends-on-methods="MuraliKrishnaSG.Tests.StandaloneTest.submitorder" duration-ms="0" status="SKIP">
          <exception class="java.lang.Throwable">
            <message>
              <![CDATA[Method MuraliKrishnaSG.Tests.StandaloneTest.OrderHistory() on instance MuraliKrishnaSG.Tests.StandaloneTest@6e20b53a depends on not successfully finished methods 
[MuraliKrishnaSG.Tests.StandaloneTest.submitorder() on instance MuraliKrishnaSG.Tests.StandaloneTest@6e20b53a]]]>
            </message>
            <full-stacktrace>
              <![CDATA[java.lang.Throwable: Method MuraliKrishnaSG.Tests.StandaloneTest.OrderHistory() on instance MuraliKrishnaSG.Tests.StandaloneTest@6e20b53a depends on not successfully finished methods 
[MuraliKrishnaSG.Tests.StandaloneTest.submitorder() on instance MuraliKrishnaSG.Tests.StandaloneTest@6e20b53a]
at org.testng.internal.invokers.TestInvoker.invokeTestMethods(TestInvoker.java:150)
at org.testng.internal.invokers.TestMethodWorker.invokeTestMethods(TestMethodWorker.java:148)
at org.testng.internal.invokers.TestMethodWorker.run(TestMethodWorker.java:128)
at java.base/java.util.ArrayList.forEach(ArrayList.java:1596)
at org.testng.TestRunner.privateRun(TestRunner.java:829)
at org.testng.TestRunner.run(TestRunner.java:602)
at org.testng.SuiteRunner.runTest(SuiteRunner.java:437)
at org.testng.SuiteRunner$SuiteWorker.run(SuiteRunner.java:475)
at org.testng.internal.thread.ThreadUtil.lambda$execute$0(ThreadUtil.java:58)
at java.base/java.util.concurrent.FutureTask.run(FutureTask.java:317)
at java.base/java.util.concurrent.ThreadPoolExecutor.runWorker(ThreadPoolExecutor.java:1144)
at java.base/java.util.concurrent.ThreadPoolExecutor$Worker.run(ThreadPoolExecutor.java:642)
at java.base/java.lang.Thread.run(Thread.java:1583)
]]>
            </full-stacktrace>
          </exception> <!-- java.lang.Throwable -->
          <reporter-output>
          </reporter-output>
        </test-method> <!-- OrderHistory -->
      </class> <!-- MuraliKrishnaSG.Tests.StandaloneTest -->
    </test> <!-- StandaloneTest -->
  </suite> <!-- Suite -->
</testng-results>
